<?xml version="1.0" encoding="UTF-8"?>
<!-- Generated by org.testng.reporters.JUnitReportReporter -->
<testsuite hostname="SAIKRISHNA" failures="0" tests="1" name="org.example.GoogleSearchTest" time="13.721" errors="0" timestamp="2023-03-29T10:39:18 IST" skipped="0">
  <testcase classname="org.example.GoogleSearchTest" name="googleTest" time="13.721"/>
  <system-out/>
</testsuite> <!-- org.example.GoogleSearchTest -->
